#
# There is insufficient memory for the Java Runtime Environment to continue.
# Native memory allocation (mmap) failed to map 266338304 bytes for G1 virtual space
# Possible reasons:
#   The system is out of physical RAM or swap space
#   The process is running with CompressedOops enabled, and the Java Heap may be blocking the growth of the native heap
# Possible solutions:
#   Reduce memory load on the system
#   Increase physical memory or swap space
#   Check if swap backing store is full
#   Decrease Java heap size (-Xmx/-Xms)
#   Decrease number of Java threads
#   Decrease Java thread stack sizes (-Xss)
#   Set larger code cache with -XX:ReservedCodeCacheSize=
#   JVM is running with Zero Based Compressed Oops mode in which the Java heap is
#     placed in the first 32GB address space. The Java Heap base address is the
#     maximum limit for the native heap growth. Please use -XX:HeapBaseMinAddress
#     to set the Java Heap base and to place the Java Heap above 32GB virtual address.
# This output file may be truncated or incomplete.
#
#  Out of Memory Error (os_windows.cpp:3466), pid=15384, tid=11328
#
# JRE version:  (16.0+36) (build )
# Java VM: Java HotSpot(TM) 64-Bit Server VM (16+36-2231, mixed mode, sharing, tiered, compressed oops, g1 gc, windows-amd64)
# No core dump will be written. Minidumps are not enabled by default on client versions of Windows
#

---------------  S U M M A R Y ------------

Command Line: frontEnd.Inicio

Host: Intel(R) Core(TM) i7-8700K CPU @ 3.70GHz, 12 cores, 15G,  Windows 10 , 64 bit Build 19041 (10.0.19041.804)
Time: Wed Apr 21 23:51:53 2021 Horário de Verão de Greenwich  elapsed time: 0.150199 seconds (0d 0h 0m 0s)

---------------  T H R E A D  ---------------

Current thread (0x000001a54f53e5f0):  JavaThread "Unknown thread" [_thread_in_vm, id=11328, stack(0x0000003e42a00000,0x0000003e42b00000)]

Stack: [0x0000003e42a00000,0x0000003e42b00000]
Native frames: (J=compiled Java code, j=interpreted, Vv=VM code, C=native code)
V  [jvm.dll+0x6681da]
V  [jvm.dll+0x7c9d99]
V  [jvm.dll+0x7cb4d3]
V  [jvm.dll+0x7cbb33]
V  [jvm.dll+0x242ee5]
V  [jvm.dll+0x664f99]
V  [jvm.dll+0x659b85]
V  [jvm.dll+0x2fbfcb]
V  [jvm.dll+0x3031c6]
V  [jvm.dll+0x352a0e]
V  [jvm.dll+0x352c3f]
V  [jvm.dll+0x2d3038]
V  [jvm.dll+0x2d4274]
V  [jvm.dll+0x79c691]
V  [jvm.dll+0x3607b1]
V  [jvm.dll+0x77a370]
V  [jvm.dll+0x3e501f]
V  [jvm.dll+0x3e6af1]
C  [jli.dll+0x52fb]
C  [ucrtbase.dll+0x21bb2]
C  [KERNEL32.DLL+0x17034]
C  [ntdll.dll+0x52651]


---------------  P R O C E S S  ---------------

Threads class SMR info:
_java_thread_list=0x00007ff857c8cbb8, length=0, elements={
}

Java Threads: ( => current thread )

Other Threads:
  0x000001a54f58c060 GCTaskThread "GC Thread#0" [stack: 0x0000003e42b00000,0x0000003e42c00000] [id=8948]
  0x000001a54f59ce20 ConcurrentGCThread "G1 Main Marker" [stack: 0x0000003e42c00000,0x0000003e42d00000] [id=9644]
  0x000001a54f59dfb0 ConcurrentGCThread "G1 Conc#0" [stack: 0x0000003e42d00000,0x0000003e42e00000] [id=180]

[error occurred during error reporting (printing all threads), id 0xc0000005, EXCEPTION_ACCESS_VIOLATION (0xc0000005) at pc=0x00007ff857463ef7]

VM state: not at safepoint (not fully initialized)

VM Mutex/Monitor currently owned by a thread:  ([mutex/lock_event])
[0x000001a54d39c080] Heap_lock - owner thread: 0x000001a54f53e5f0

Heap address: 0x0000000702800000, size: 4056 MB, Compressed Oops mode: Zero based, Oop shift amount: 3
CDS archive(s) mapped at: [0x0000000000000000-0x0000000000000000-0x0000000000000000), size 0, SharedBaseAddress: 0x0000000800000000, ArchiveRelocationMode: 0.
Narrow klass base: 0x0000000000000000, Narrow klass shift: 0, Narrow klass range: 0x0

GC Precious Log:
<Empty>

Heap:
 garbage-first heap   total 0K, used 0K [0x0000000702800000, 0x0000000800000000)
  region size 2048K, 0 young (0K), 0 survivors (0K)

[error occurred during error reporting (printing heap information), id 0xc0000005, EXCEPTION_ACCESS_VIOLATION (0xc0000005) at pc=0x00007ff857841edd]

GC Heap History (0 events):
No events

Deoptimization events (0 events):
No events

Classes unloaded (0 events):
No events

Classes redefined (0 events):
No events

Internal exceptions (0 events):
No events

Events (1 events):
Event: 0.005 Loaded shared library D:\JDK16\bin\java.dll


Dynamic libraries:
0x00007ff646d40000 - 0x00007ff646d50000 	D:\JDK16\bin\java.exe
0x00007ff89e7b0000 - 0x00007ff89e9a5000 	C:\Windows\SYSTEM32\ntdll.dll
0x00007ff89c810000 - 0x00007ff89c8cd000 	C:\Windows\System32\KERNEL32.DLL
0x00007ff89bf70000 - 0x00007ff89c239000 	C:\Windows\System32\KERNELBASE.dll
0x00007ff89c5c0000 - 0x00007ff89c6c0000 	C:\Windows\System32\ucrtbase.dll
0x00007ff88f9e0000 - 0x00007ff88f9f9000 	D:\JDK16\bin\VCRUNTIME140.dll
0x00007ff88f9c0000 - 0x00007ff88f9d8000 	D:\JDK16\bin\jli.dll
0x00007ff89e500000 - 0x00007ff89e5ac000 	C:\Windows\System32\ADVAPI32.dll
0x00007ff89e3f0000 - 0x00007ff89e48e000 	C:\Windows\System32\msvcrt.dll
0x00007ff89d350000 - 0x00007ff89d3ec000 	C:\Windows\System32\sechost.dll
0x00007ff89d170000 - 0x00007ff89d29b000 	C:\Windows\System32\RPCRT4.dll
0x00007ff89e5d0000 - 0x00007ff89e770000 	C:\Windows\System32\USER32.dll
0x00007ff89c350000 - 0x00007ff89c372000 	C:\Windows\System32\win32u.dll
0x00007ff883a00000 - 0x00007ff883c9a000 	C:\Windows\WinSxS\amd64_microsoft.windows.common-controls_6595b64144ccf1df_6.0.19041.844_none_ca00b6081b84eb1d\COMCTL32.dll
0x00007ff89cf80000 - 0x00007ff89cfaa000 	C:\Windows\System32\GDI32.dll
0x00007ff89c240000 - 0x00007ff89c34b000 	C:\Windows\System32\gdi32full.dll
0x00007ff89c6c0000 - 0x00007ff89c75d000 	C:\Windows\System32\msvcp_win.dll
0x00007ff895a70000 - 0x00007ff895a7a000 	C:\Windows\SYSTEM32\VERSION.dll
0x00007ff89d060000 - 0x00007ff89d090000 	C:\Windows\System32\IMM32.DLL
0x00007ff897a60000 - 0x00007ff897a6c000 	D:\JDK16\bin\vcruntime140_1.dll
0x00007ff8822a0000 - 0x00007ff882331000 	D:\JDK16\bin\msvcp140.dll
0x00007ff857180000 - 0x00007ff857d2b000 	D:\JDK16\bin\server\jvm.dll
0x00007ff89d090000 - 0x00007ff89d098000 	C:\Windows\System32\PSAPI.DLL
0x00007ff896830000 - 0x00007ff896839000 	C:\Windows\SYSTEM32\WSOCK32.dll
0x00007ff887730000 - 0x00007ff887757000 	C:\Windows\SYSTEM32\WINMM.dll
0x00007ff89e490000 - 0x00007ff89e4fb000 	C:\Windows\System32\WS2_32.dll
0x00007ff899e30000 - 0x00007ff899e42000 	C:\Windows\SYSTEM32\kernel.appcore.dll
0x00007ff893f60000 - 0x00007ff893f6a000 	D:\JDK16\bin\jimage.dll
0x00007ff883ea0000 - 0x00007ff884084000 	C:\Windows\SYSTEM32\DBGHELP.DLL
0x00007ff883ca0000 - 0x00007ff883ccc000 	C:\Windows\SYSTEM32\dbgcore.DLL
0x00007ff89bef0000 - 0x00007ff89bf70000 	C:\Windows\System32\bcryptPrimitives.dll
0x00007ff88aa60000 - 0x00007ff88aa85000 	D:\JDK16\bin\java.dll

dbghelp: loaded successfully - version: 4.0.5 - missing functions: none
symbol engine: initialized successfully - sym options: 0x614 - pdb path: .;D:\JDK16\bin;C:\Windows\SYSTEM32;C:\Windows\WinSxS\amd64_microsoft.windows.common-controls_6595b64144ccf1df_6.0.19041.844_none_ca00b6081b84eb1d;D:\JDK16\bin\server

VM Arguments:
java_command: frontEnd.Inicio
java_class_path (initial): E:\SIGNINUM\BomJesus1\target\classes
Launcher Type: SUN_STANDARD

[Global flags]
     intx CICompilerCount                          = 4                                         {product} {ergonomic}
     uint ConcGCThreads                            = 3                                         {product} {ergonomic}
     uint G1ConcRefinementThreads                  = 10                                        {product} {ergonomic}
   size_t G1HeapRegionSize                         = 2097152                                   {product} {ergonomic}
    uintx GCDrainStackTargetSize                   = 64                                        {product} {ergonomic}
   size_t InitialHeapSize                          = 266338304                                 {product} {ergonomic}
   size_t MarkStackSize                            = 4194304                                   {product} {ergonomic}
   size_t MaxHeapSize                              = 4253024256                                {product} {ergonomic}
   size_t MinHeapDeltaBytes                        = 2097152                                   {product} {ergonomic}
   size_t MinHeapSize                              = 8388608                                   {product} {ergonomic}
    uintx NonNMethodCodeHeapSize                   = 5839372                                {pd product} {ergonomic}
    uintx NonProfiledCodeHeapSize                  = 122909434                              {pd product} {ergonomic}
    uintx ProfiledCodeHeapSize                     = 122909434                              {pd product} {ergonomic}
    uintx ReservedCodeCacheSize                    = 251658240                              {pd product} {ergonomic}
     bool SegmentedCodeCache                       = true                                      {product} {ergonomic}
   size_t SoftMaxHeapSize                          = 4253024256                             {manageable} {ergonomic}
     bool UseCompressedClassPointers               = true                           {product lp64_product} {ergonomic}
     bool UseCompressedOops                        = true                           {product lp64_product} {ergonomic}
     bool UseG1GC                                  = true                                      {product} {ergonomic}
     bool UseLargePagesIndividualAllocation        = false                                  {pd product} {ergonomic}

Logging:
Log output configuration:
 #0: stdout all=warning uptime,level,tags
 #1: stderr all=off uptime,level,tags

Environment Variables:
JAVA_HOME=D:\JDK16
CLASSPATH=C:\Program Files\Portugal Identity Card\
PATH=C:\Program Files\Common Files\Oracle\Java\javapath;C:\Windows\system32;C:\Windows;C:\Windows\System32\Wbem;C:\Windows\System32\WindowsPowerShell\v1.0\;C:\Windows\System32\OpenSSH\;D:\Program Files\NVIDIA Corporation\NVIDIA NvDLISR;C:\Program Files\NVIDIA Corporation\NVIDIA NvDLISR;C:\Program Files\PuTTY\;C:\Program Files\nodejs\;C:\Program Files\Git\cmd;C:\Program Files\Portugal Identity Card\;C:\Program Files (x86)\NVIDIA Corporation\PhysX\Common;C:\Users\gonca\AppData\Local\Microsoft\WindowsApps;C:\Users\gonca\AppData\Roaming\npm;C:\Users\gonca\AppData\Local\Programs\Microsoft VS Code\bin;C:\Users\gonca\AppData\Local\GitHubDesktop\bin;D:\IntelliJ IDEA Community Edition 2021.1\bin;
USERNAME=gonca
OS=Windows_NT
PROCESSOR_IDENTIFIER=Intel64 Family 6 Model 158 Stepping 10, GenuineIntel



---------------  S Y S T E M  ---------------

OS:
 Windows 10 , 64 bit Build 19041 (10.0.19041.804)
OS uptime: 15 days 9:55 hours
Hyper-V role detected

CPU: total 12 (initial active 12) (6 cores per cpu, 2 threads per core) family 6 model 158 stepping 10 microcode 0xde, cx8, cmov, fxsr, ht, mmx, 3dnowpref, sse, sse2, sse3, ssse3, sse4.1, sse4.2, popcnt, lzcnt, tsc, tscinvbit, avx, avx2, aes, erms, clmul, bmi1, bmi2, rtm, adx, fma, vzeroupper, clflush, clflushopt, hv

Memory: 4k page, system-wide physical 16222M (2996M free)
TotalPageFile size 32221M (AvailPageFile size 111M)
current process WorkingSet (physical memory assigned to process): 10M, peak: 10M
current process commit charge ("private bytes"): 64M, peak: 318M

vm_info: Java HotSpot(TM) 64-Bit Server VM (16+36-2231) for windows-amd64 JRE (16+36-2231), built on Feb  8 2021 11:43:10 by "mach5one" with MS VC++ 16.7 (VS2019)

END.
